Determining if the pthread_create exist failed with the following output:
Change Dir: /home/yanhwee/quartz/build/helium/CMakeFiles/CMakeTmp

Run Build Command:"/usr/bin/make" "cmTC_cbd7e/fast"
/usr/bin/make -f CMakeFiles/cmTC_cbd7e.dir/build.make CMakeFiles/cmTC_cbd7e.dir/build
make[1]: Entering directory '/home/yanhwee/quartz/build/helium/CMakeFiles/CMakeTmp'
Building C object CMakeFiles/cmTC_cbd7e.dir/CheckSymbolExists.c.o
/usr/bin/cc    -o CMakeFiles/cmTC_cbd7e.dir/CheckSymbolExists.c.o   -c /home/yanhwee/quartz/build/helium/CMakeFiles/CMakeTmp/CheckSymbolExists.c
Linking C executable cmTC_cbd7e
/usr/bin/cmake -E cmake_link_script CMakeFiles/cmTC_cbd7e.dir/link.txt --verbose=1
/usr/bin/cc      -rdynamic CMakeFiles/cmTC_cbd7e.dir/CheckSymbolExists.c.o  -o cmTC_cbd7e 
CMakeFiles/cmTC_cbd7e.dir/CheckSymbolExists.c.o: In function `main':
CheckSymbolExists.c:(.text+0x1b): undefined reference to `pthread_create'
collect2: error: ld returned 1 exit status
CMakeFiles/cmTC_cbd7e.dir/build.make:97: recipe for target 'cmTC_cbd7e' failed
make[1]: *** [cmTC_cbd7e] Error 1
make[1]: Leaving directory '/home/yanhwee/quartz/build/helium/CMakeFiles/CMakeTmp'
Makefile:126: recipe for target 'cmTC_cbd7e/fast' failed
make: *** [cmTC_cbd7e/fast] Error 2

File /home/yanhwee/quartz/build/helium/CMakeFiles/CMakeTmp/CheckSymbolExists.c:
/* */
#include <pthread.h>

int main(int argc, char** argv)
{
  (void)argv;
#ifndef pthread_create
  return ((int*)(&pthread_create))[argc];
#else
  (void)argc;
  return 0;
#endif
}

Determining if the function pthread_create exists in the pthreads failed with the following output:
Change Dir: /home/yanhwee/quartz/build/helium/CMakeFiles/CMakeTmp

Run Build Command:"/usr/bin/make" "cmTC_ad2c0/fast"
/usr/bin/make -f CMakeFiles/cmTC_ad2c0.dir/build.make CMakeFiles/cmTC_ad2c0.dir/build
make[1]: Entering directory '/home/yanhwee/quartz/build/helium/CMakeFiles/CMakeTmp'
Building C object CMakeFiles/cmTC_ad2c0.dir/CheckFunctionExists.c.o
/usr/bin/cc   -DCHECK_FUNCTION_EXISTS=pthread_create   -o CMakeFiles/cmTC_ad2c0.dir/CheckFunctionExists.c.o   -c /usr/share/cmake-3.10/Modules/CheckFunctionExists.c
Linking C executable cmTC_ad2c0
/usr/bin/cmake -E cmake_link_script CMakeFiles/cmTC_ad2c0.dir/link.txt --verbose=1
/usr/bin/cc  -DCHECK_FUNCTION_EXISTS=pthread_create    -rdynamic CMakeFiles/cmTC_ad2c0.dir/CheckFunctionExists.c.o  -o cmTC_ad2c0 -lpthreads 
/usr/bin/ld: cannot find -lpthreads
collect2: error: ld returned 1 exit status
CMakeFiles/cmTC_ad2c0.dir/build.make:97: recipe for target 'cmTC_ad2c0' failed
make[1]: *** [cmTC_ad2c0] Error 1
make[1]: Leaving directory '/home/yanhwee/quartz/build/helium/CMakeFiles/CMakeTmp'
Makefile:126: recipe for target 'cmTC_ad2c0/fast' failed
make: *** [cmTC_ad2c0/fast] Error 2


